<?xml version="1.0" encoding="UTF-8"?>
<!-- Generated by org.testng.reporters.JUnitXMLReporter -->
<testsuite ignored="0" hostname="EG-5CD1295SWY" failures="0" tests="5" name="Default test" time="8.693" errors="0" timestamp="2025-07-13T16:25:19 EET">
  <testcase classname="tests.POSTBooksEndpointTest" name="createNewBookTest" time="4.125"/>
  <testcase classname="tests.POSTBooksEndpointTest" name="createNewBookTestWithoutIdOrTitle" time="0.631"/>
  <testcase classname="tests.DeleteBooksEndpointTest" name="deleteBookById" time="0.496"/>
  <testcase classname="tests.POSTBooksEndpointTest" name="createNewBookTest" time="1.103"/>
  <testcase classname="tests.POSTBooksEndpointTest" name="createNewBookTestWithoutIdOrTitle" time="0.413"/>
</testsuite> <!-- Default test -->
