<?xml version="1.0" encoding="UTF-8"?>
<!-- Generated by org.testng.reporters.JUnitXMLReporter -->
<testsuite ignored="0" hostname="EG-5CD1295SWY" failures="0" tests="6" name="Default test" time="9.376" errors="0" timestamp="2025-07-12T01:06:41 EET">
  <testcase classname="tests.BooksTest" name="createNewBookTest" time="2.623"/>
  <testcase classname="tests.BooksTest" name="getBookById" time="0.42"/>
  <testcase classname="tests.BooksTest" name="retrieveAllBooks" time="0.659"/>
  <testcase classname="tests.BooksTest" name="updateBookById" time="0.578"/>
  <testcase classname="tests.BooksTest" name="deleteBookById" time="0.366"/>
  <testcase classname="tests.BooksTest" name="negativeScenarios" time="3.624"/>
</testsuite> <!-- Default test -->
