<?xml version="1.0" encoding="UTF-8"?>
<!-- Generated by org.testng.reporters.JUnitXMLReporter -->
<testsuite ignored="0" hostname="EG-5CD1295SWY" failures="0" tests="13" name="Test" time="18.73" errors="0" timestamp="2025-07-13T16:58:26 EET">
  <testcase classname="tests.POSTBooksEndpointTest" name="createNewBookTest" time="4.865"/>
  <testcase classname="tests.POSTBooksEndpointTest" name="createNewBookTestWithoutIdOrTitle" time="1.168"/>
  <testcase classname="tests.POSTBooksEndpointTest" name="createNewBookTest" time="0.933"/>
  <testcase classname="tests.POSTBooksEndpointTest" name="createNewBookTestWithoutIdOrTitle" time="0.795"/>
  <testcase classname="tests.GETBooksendpointTest" name="getBookById" time="0.546"/>
  <testcase classname="tests.GETBooksendpointTest" name="retrieveAllBooks" time="1.657"/>
  <testcase classname="tests.POSTBooksEndpointTest" name="createNewBookTest" time="0.529"/>
  <testcase classname="tests.POSTBooksEndpointTest" name="createNewBookTestWithoutIdOrTitle" time="0.447"/>
  <testcase classname="tests.PUTBooksEndpointTest" name="updateBookById" time="0.468"/>
  <testcase classname="tests.POSTBooksEndpointTest" name="createNewBookTest" time="0.502"/>
  <testcase classname="tests.POSTBooksEndpointTest" name="createNewBookTestWithoutIdOrTitle" time="0.414"/>
  <testcase classname="tests.DeleteBooksEndpointTest" name="deleteBookById" time="0.455"/>
  <testcase classname="tests.NegativeScenariosTest" name="negativeScenarios" time="3.645"/>
</testsuite> <!-- Test -->
