<?xml version="1.0" encoding="UTF-8"?>
<!-- Generated by org.testng.reporters.JUnitXMLReporter -->
<testsuite ignored="0" hostname="EG-5CD1295SWY" failures="0" tests="13" name="Test" time="22.817" errors="0" timestamp="2025-07-13T16:23:37 EET">
  <testcase classname="tests.POSTBooksEndpointTest" name="createNewBookTest" time="3.83"/>
  <testcase classname="tests.POSTBooksEndpointTest" name="createNewBookTestWithoutIdOrTitle" time="0.678"/>
  <testcase classname="tests.POSTBooksEndpointTest" name="createNewBookTest" time="1.439"/>
  <testcase classname="tests.POSTBooksEndpointTest" name="createNewBookTestWithoutIdOrTitle" time="0.58"/>
  <testcase classname="tests.GETBooksendpointTest" name="getBookById" time="0.681"/>
  <testcase classname="tests.GETBooksendpointTest" name="retrieveAllBooks" time="2.32"/>
  <testcase classname="tests.POSTBooksEndpointTest" name="createNewBookTest" time="1.11"/>
  <testcase classname="tests.POSTBooksEndpointTest" name="createNewBookTestWithoutIdOrTitle" time="0.484"/>
  <testcase classname="tests.PUTBooksEndpointTest" name="updateBookById" time="0.55"/>
  <testcase classname="tests.POSTBooksEndpointTest" name="createNewBookTest" time="1.651"/>
  <testcase classname="tests.POSTBooksEndpointTest" name="createNewBookTestWithoutIdOrTitle" time="0.666"/>
  <testcase classname="tests.DeleteBooksEndpointTest" name="deleteBookById" time="1.366"/>
  <testcase classname="tests.NegativeScenariosTest" name="negativeScenarios" time="5.391"/>
</testsuite> <!-- Test -->
