<?xml version="1.0" encoding="UTF-8"?>
<testng-results ignored="0" total="6" passed="6" failed="0" skipped="0">
  <reporter-output>
  </reporter-output>
  <suite started-at="2025-07-12T01:06:32 EET" name="Default suite" finished-at="2025-07-12T01:06:41 EET" duration-ms="9376">
    <groups>
    </groups>
    <test started-at="2025-07-12T01:06:32 EET" name="Default test" finished-at="2025-07-12T01:06:41 EET" duration-ms="9376">
      <class name="tests.BooksTest">
        <test-method is-config="true" signature="init()[pri:0, instance:tests.BooksTest@52f27fbd]" started-at="2025-07-12T01:06:32 EET" name="init" finished-at="2025-07-12T01:06:33 EET" duration-ms="1059" status="PASS">
          <reporter-output>
          </reporter-output>
        </test-method> <!-- init -->
        <test-method signature="createNewBookTest()[pri:1, instance:tests.BooksTest@52f27fbd]" started-at="2025-07-12T01:06:33 EET" name="createNewBookTest" description="Happy Scenario: Create a new book and validate response" finished-at="2025-07-12T01:06:36 EET" duration-ms="2623" status="PASS">
          <reporter-output>
          </reporter-output>
        </test-method> <!-- createNewBookTest -->
        <test-method signature="getBookById()[pri:2, instance:tests.BooksTest@52f27fbd]" started-at="2025-07-12T01:06:36 EET" name="getBookById" description="Happy Scenario: Retrieve book by ID and validate fields" finished-at="2025-07-12T01:06:36 EET" duration-ms="420" status="PASS">
          <reporter-output>
          </reporter-output>
        </test-method> <!-- getBookById -->
        <test-method signature="retrieveAllBooks()[pri:3, instance:tests.BooksTest@52f27fbd]" started-at="2025-07-12T01:06:36 EET" name="retrieveAllBooks" description="Happy Scenario: Retrieve All Books in the database including the newly posted one" finished-at="2025-07-12T01:06:37 EET" duration-ms="659" status="PASS">
          <reporter-output>
          </reporter-output>
        </test-method> <!-- retrieveAllBooks -->
        <test-method signature="updateBookById()[pri:4, instance:tests.BooksTest@52f27fbd]" started-at="2025-07-12T01:06:37 EET" name="updateBookById" description="Happy Scenario: Update Book by Id" finished-at="2025-07-12T01:06:37 EET" duration-ms="578" status="PASS">
          <reporter-output>
          </reporter-output>
        </test-method> <!-- updateBookById -->
        <test-method signature="deleteBookById()[pri:5, instance:tests.BooksTest@52f27fbd]" started-at="2025-07-12T01:06:37 EET" name="deleteBookById" description="Happy Scenario: Delete Book by Id" finished-at="2025-07-12T01:06:38 EET" duration-ms="366" status="PASS">
          <reporter-output>
          </reporter-output>
        </test-method> <!-- deleteBookById -->
        <test-method signature="negativeScenarios()[pri:6, instance:tests.BooksTest@52f27fbd]" started-at="2025-07-12T01:06:38 EET" name="negativeScenarios" description="Negative Scenarios" finished-at="2025-07-12T01:06:41 EET" duration-ms="3624" status="PASS">
          <reporter-output>
          </reporter-output>
        </test-method> <!-- negativeScenarios -->
      </class> <!-- tests.BooksTest -->
    </test> <!-- Default test -->
  </suite> <!-- Default suite -->
</testng-results>
