<?xml version="1.0" encoding="UTF-8"?>
<testng-results ignored="0" total="5" passed="5" failed="0" skipped="0">
  <reporter-output>
  </reporter-output>
  <suite started-at="2025-07-13T16:25:10 EET" name="Default suite" finished-at="2025-07-13T16:25:19 EET" duration-ms="8693">
    <groups>
    </groups>
    <test started-at="2025-07-13T16:25:10 EET" name="Default test" finished-at="2025-07-13T16:25:19 EET" duration-ms="8693">
      <class name="tests.POSTBooksEndpointTest">
        <test-method is-config="true" signature="init()[pri:0, instance:tests.POSTBooksEndpointTest@957e06]" started-at="2025-07-13T16:25:17 EET" name="init" finished-at="2025-07-13T16:25:17 EET" duration-ms="31" status="PASS">
          <reporter-output>
          </reporter-output>
        </test-method> <!-- init -->
        <test-method signature="createNewBookTest()[pri:1, instance:tests.POSTBooksEndpointTest@957e06]" started-at="2025-07-13T16:25:17 EET" name="createNewBookTest" description="Happy Scenario: Create a new book and validate response" finished-at="2025-07-13T16:25:18 EET" duration-ms="1103" status="PASS">
          <reporter-output>
          </reporter-output>
        </test-method> <!-- createNewBookTest -->
        <test-method signature="createNewBookTestWithoutIdOrTitle()[pri:2, instance:tests.POSTBooksEndpointTest@957e06]" started-at="2025-07-13T16:25:18 EET" name="createNewBookTestWithoutIdOrTitle" description="Happy Scenario: Test second scenario Create New book without Id or Title" finished-at="2025-07-13T16:25:19 EET" duration-ms="413" status="PASS">
          <reporter-output>
          </reporter-output>
        </test-method> <!-- createNewBookTestWithoutIdOrTitle -->
      </class> <!-- tests.POSTBooksEndpointTest -->
      <class name="tests.DeleteBooksEndpointTest">
        <test-method is-config="true" signature="init()[pri:0, instance:tests.DeleteBooksEndpointTest@4803b726]" started-at="2025-07-13T16:25:10 EET" name="init" finished-at="2025-07-13T16:25:12 EET" duration-ms="1818" status="PASS">
          <reporter-output>
          </reporter-output>
        </test-method> <!-- init -->
        <test-method signature="createNewBookTest()[pri:1, instance:tests.DeleteBooksEndpointTest@4803b726]" started-at="2025-07-13T16:25:12 EET" name="createNewBookTest" description="Happy Scenario: Create a new book and validate response" finished-at="2025-07-13T16:25:16 EET" duration-ms="4125" status="PASS">
          <reporter-output>
          </reporter-output>
        </test-method> <!-- createNewBookTest -->
        <test-method signature="createNewBookTestWithoutIdOrTitle()[pri:2, instance:tests.DeleteBooksEndpointTest@4803b726]" started-at="2025-07-13T16:25:16 EET" name="createNewBookTestWithoutIdOrTitle" description="Happy Scenario: Test second scenario Create New book without Id or Title" finished-at="2025-07-13T16:25:17 EET" duration-ms="631" status="PASS">
          <reporter-output>
          </reporter-output>
        </test-method> <!-- createNewBookTestWithoutIdOrTitle -->
        <test-method signature="deleteBookById()[pri:6, instance:tests.DeleteBooksEndpointTest@4803b726]" started-at="2025-07-13T16:25:17 EET" name="deleteBookById" description="Happy Scenario: Delete Book by Id" finished-at="2025-07-13T16:25:17 EET" depends-on-methods="tests.POSTBooksEndpointTest.createNewBookTest" duration-ms="496" status="PASS">
          <reporter-output>
          </reporter-output>
        </test-method> <!-- deleteBookById -->
      </class> <!-- tests.DeleteBooksEndpointTest -->
    </test> <!-- Default test -->
  </suite> <!-- Default suite -->
</testng-results>
